[32minfo[39m: Connected to MongoDB 
[32minfo[39m: MONO инициализирован 
[32minfo[39m: Listening to port 2998 
[32minfo[39m: Connected to email server 
[32minfo[39m: Connected to MongoDB 
[32minfo[39m: MONO инициализирован 
[32minfo[39m: Listening to port 2998 
[32minfo[39m: Connected to email server 
[32minfo[39m: Connected to MongoDB 
[32minfo[39m: MONO инициализирован 
[32minfo[39m: Listening to port 2998 
[31merror[39m: Fail connect to notification server 
[32minfo[39m: Connected to email server 
[31merror[39m: Fail connect to notification server 
[31merror[39m: Fail connect to notification server 
[31merror[39m: Fail connect to notification server 
[31merror[39m: Fail connect to notification server 
2024-09-17 15:10:23 [32minfo[39m: Connected to MongoDB
2024-09-17 15:10:23 [32minfo[39m: MONO инициализирован
2024-09-17 15:10:23 [32minfo[39m: Listening to port 2998
2024-09-17 15:10:23 [31merror[39m: Fail connect to notification server - {"source":"initSocketConnection"}
2024-09-17 15:10:23 [32minfo[39m: Connected to email server
2024-09-17 15:10:23 [31merror[39m: Fail connect to notification server - {"source":"initSocketConnection"}
2024-09-17 15:10:25 [31merror[39m: Fail connect to notification server - {"source":"initSocketConnection"}
2024-09-17 15:10:29 [31merror[39m: Fail connect to notification server - {"source":"initSocketConnection"}
2024-09-17 15:10:34 [31merror[39m: Fail connect to notification server - {"source":"initSocketConnection"}
2024-09-17 15:10:39 [31merror[39m: Fail connect to notification server - {"source":"initSocketConnection"}
2024-09-17 15:10:44 [31merror[39m: Fail connect to notification server - {"source":"initSocketConnection"}
2024-09-17 15:10:49 [31merror[39m: Fail connect to notification server - {"source":"initSocketConnection"}
2024-09-17 15:10:54 [31merror[39m: Fail connect to notification server - {"source":"initSocketConnection"}
2024-09-17 15:14:52 [32minfo[39m: Connected to MongoDB
2024-09-17 15:14:52 [32minfo[39m: MONO инициализирован
2024-09-17 15:14:52 [32minfo[39m: Listening to port 2998
2024-09-17 15:14:52 [31merror[39m: Fail connect to notification server - {"source":"initSocketConnection"}
2024-09-17 15:14:52 [32minfo[39m: Connected to email server
2024-09-17 15:14:53 [31merror[39m: Fail connect to notification server - {"source":"initSocketConnection"}
2024-09-17 15:14:55 [31merror[39m: Fail connect to notification server - {"source":"initSocketConnection"}
2024-09-17 15:14:59 [31merror[39m: Fail connect to notification server - {"source":"initSocketConnection"}
2024-09-17 15:15:04 [31merror[39m: Fail connect to notification server - {"source":"initSocketConnection"}
2024-09-17 15:15:09 [31merror[39m: Fail connect to notification server - {"source":"initSocketConnection"}
2024-09-17 15:15:14 [31merror[39m: Fail connect to notification server - {"source":"initSocketConnection"}
2024-09-17 15:15:19 [31merror[39m: Fail connect to notification server - {"source":"initSocketConnection"}
2024-09-17 15:15:24 [31merror[39m: Fail connect to notification server - {"source":"initSocketConnection"}
2024-09-17 15:15:29 [31merror[39m: Fail connect to notification server - {"source":"initSocketConnection"}
2024-09-17 15:15:34 [31merror[39m: Fail connect to notification server - {"source":"initSocketConnection"}
2024-09-17 15:15:39 [31merror[39m: Fail connect to notification server - {"source":"initSocketConnection"}
2024-09-17 15:15:44 [31merror[39m: Fail connect to notification server - {"source":"initSocketConnection"}
2024-09-17 15:15:49 [31merror[39m: Fail connect to notification server - {"source":"initSocketConnection"}
2024-09-17 15:15:54 [31merror[39m: Fail connect to notification server - {"source":"initSocketConnection"}
2024-09-17 15:15:59 [31merror[39m: Fail connect to notification server - {"source":"initSocketConnection"}
2024-09-17 15:16:04 [31merror[39m: Fail connect to notification server - {"source":"initSocketConnection"}
2024-09-17 15:16:09 [31merror[39m: Fail connect to notification server - {"source":"initSocketConnection"}
2024-09-17 15:16:14 [31merror[39m: Fail connect to notification server - {"source":"initSocketConnection"}
2024-09-17 15:16:19 [31merror[39m: Fail connect to notification server - {"source":"initSocketConnection"}
2024-09-17 15:16:24 [31merror[39m: Fail connect to notification server - {"source":"initSocketConnection"}
2024-09-17 15:16:29 [31merror[39m: Fail connect to notification server - {"source":"initSocketConnection"}
2024-09-17 15:16:34 [31merror[39m: Fail connect to notification server - {"source":"initSocketConnection"}
2024-09-17 15:16:39 [31merror[39m: Fail connect to notification server - {"source":"initSocketConnection"}
2024-09-17 15:16:44 [31merror[39m: Fail connect to notification server - {"source":"initSocketConnection"}
2024-09-17 15:16:49 [31merror[39m: Fail connect to notification server - {"source":"initSocketConnection"}
2024-09-17 15:16:54 [31merror[39m: Fail connect to notification server - {"source":"initSocketConnection"}
2024-09-17 15:16:59 [31merror[39m: Fail connect to notification server - {"source":"initSocketConnection"}
2024-09-17 15:17:04 [31merror[39m: Fail connect to notification server - {"source":"initSocketConnection"}
2024-09-17 15:17:09 [31merror[39m: Fail connect to notification server - {"source":"initSocketConnection"}
2024-09-17 15:17:14 [31merror[39m: Fail connect to notification server - {"source":"initSocketConnection"}
2024-09-17 15:17:19 [31merror[39m: Fail connect to notification server - {"source":"initSocketConnection"}
2024-09-17 15:17:24 [31merror[39m: Fail connect to notification server - {"source":"initSocketConnection"}
2024-09-17 15:17:29 [31merror[39m: Fail connect to notification server - {"source":"initSocketConnection"}
2024-09-17 15:17:34 [31merror[39m: Fail connect to notification server - {"source":"initSocketConnection"}
2024-09-17 15:17:39 [31merror[39m: Fail connect to notification server - {"source":"initSocketConnection"}
2024-09-17 15:17:44 [31merror[39m: Fail connect to notification server - {"source":"initSocketConnection"}
2024-09-17 15:17:49 [31merror[39m: Fail connect to notification server - {"source":"initSocketConnection"}
2024-09-17 15:17:54 [31merror[39m: Fail connect to notification server - {"source":"initSocketConnection"}
2024-09-17 15:17:59 [31merror[39m: Fail connect to notification server - {"source":"initSocketConnection"}
2024-09-17 15:18:04 [31merror[39m: Fail connect to notification server - {"source":"initSocketConnection"}
2024-09-17 15:18:09 [31merror[39m: Fail connect to notification server - {"source":"initSocketConnection"}
2024-09-17 15:18:14 [31merror[39m: Fail connect to notification server - {"source":"initSocketConnection"}
2024-09-17 15:18:19 [31merror[39m: Fail connect to notification server - {"source":"initSocketConnection"}
2024-09-17 15:18:24 [31merror[39m: Fail connect to notification server - {"source":"initSocketConnection"}
2024-09-17 15:18:29 [31merror[39m: Fail connect to notification server - {"source":"initSocketConnection"}
2024-09-17 15:18:34 [31merror[39m: Fail connect to notification server - {"source":"initSocketConnection"}
2024-09-17 15:18:39 [31merror[39m: Fail connect to notification server - {"source":"initSocketConnection"}
2024-09-17 15:18:44 [31merror[39m: Fail connect to notification server - {"source":"initSocketConnection"}
2024-09-17 15:18:49 [31merror[39m: Fail connect to notification server - {"source":"initSocketConnection"}
2024-09-17 15:18:54 [31merror[39m: Fail connect to notification server - {"source":"initSocketConnection"}
2024-09-17 15:18:59 [31merror[39m: Fail connect to notification server - {"source":"initSocketConnection"}
2024-09-17 15:19:04 [31merror[39m: Fail connect to notification server - {"source":"initSocketConnection"}
2024-09-17 15:19:09 [31merror[39m: Fail connect to notification server - {"source":"initSocketConnection"}
2024-09-17 15:19:14 [31merror[39m: Fail connect to notification server - {"source":"initSocketConnection"}
2024-09-17 15:19:19 [31merror[39m: Fail connect to notification server - {"source":"initSocketConnection"}
2024-09-17 15:19:24 [31merror[39m: Fail connect to notification server - {"source":"initSocketConnection"}
2024-09-17 15:19:29 [31merror[39m: Fail connect to notification server - {"source":"initSocketConnection"}
2024-09-17 15:19:34 [31merror[39m: Fail connect to notification server - {"source":"initSocketConnection"}
2024-09-17 15:19:39 [31merror[39m: Fail connect to notification server - {"source":"initSocketConnection"}
2024-09-17 15:19:44 [31merror[39m: Fail connect to notification server - {"source":"initSocketConnection"}
2024-09-17 15:19:49 [31merror[39m: Fail connect to notification server - {"source":"initSocketConnection"}
2024-09-17 15:19:54 [31merror[39m: Fail connect to notification server - {"source":"initSocketConnection"}
2024-09-17 15:19:59 [31merror[39m: Fail connect to notification server - {"source":"initSocketConnection"}
2024-09-17 15:20:04 [31merror[39m: Fail connect to notification server - {"source":"initSocketConnection"}
2024-09-17 15:20:09 [31merror[39m: Fail connect to notification server - {"source":"initSocketConnection"}
2024-09-17 15:20:14 [31merror[39m: Fail connect to notification server - {"source":"initSocketConnection"}
2024-09-17 15:20:19 [31merror[39m: Fail connect to notification server - {"source":"initSocketConnection"}
2024-09-17 15:20:24 [31merror[39m: Fail connect to notification server - {"source":"initSocketConnection"}
2024-09-17 15:20:29 [31merror[39m: Fail connect to notification server - {"source":"initSocketConnection"}
2024-09-17 15:20:34 [31merror[39m: Fail connect to notification server - {"source":"initSocketConnection"}
2024-09-17 15:20:39 [31merror[39m: Fail connect to notification server - {"source":"initSocketConnection"}
2024-09-17 15:20:44 [31merror[39m: Fail connect to notification server - {"source":"initSocketConnection"}
2024-09-17 15:20:49 [31merror[39m: Fail connect to notification server - {"source":"initSocketConnection"}
2024-09-17 15:20:54 [31merror[39m: Fail connect to notification server - {"source":"initSocketConnection"}
2024-09-17 15:20:59 [31merror[39m: Fail connect to notification server - {"source":"initSocketConnection"}
2024-09-17 15:21:04 [31merror[39m: Fail connect to notification server - {"source":"initSocketConnection"}
2024-09-17 15:21:09 [31merror[39m: Fail connect to notification server - {"source":"initSocketConnection"}
2024-09-17 15:21:14 [31merror[39m: Fail connect to notification server - {"source":"initSocketConnection"}
2024-09-17 15:21:19 [31merror[39m: Fail connect to notification server - {"source":"initSocketConnection"}
2024-09-17 15:21:24 [31merror[39m: Fail connect to notification server - {"source":"initSocketConnection"}
2024-09-17 15:21:29 [31merror[39m: Fail connect to notification server - {"source":"initSocketConnection"}
