2024-09-18 10:16:04 [31merror[39m: Fail connect to notification server - {"source":"initSocketConnection"}
2024-09-18 10:16:05 [31merror[39m: Fail connect to notification server - {"source":"initSocketConnection"}
2024-09-18 10:16:06 [31merror[39m: Fail connect to notification server - {"source":"initSocketConnection"}
2024-09-18 10:16:09 [31merror[39m: Fail connect to notification server - {"source":"initSocketConnection"}
2024-09-18 10:16:14 [31merror[39m: Fail connect to notification server - {"source":"initSocketConnection"}
2024-09-18 10:24:11 [31merror[39m: ::ffff:127.0.0.1 - POST /v1/orders/deposit 404 - 20.007 ms - message: Not found - 2024-09-18T05:24:11.610Z
2024-09-18 10:27:53 [31merror[39m: ::ffff:127.0.0.1 - POST /v1/orders/deposit 401 - 19.843 ms - message: Please authenticate - 2024-09-18T05:27:53.664Z
2024-09-18 10:28:59 [31merror[39m: ::ffff:127.0.0.1 - POST /v1/orders/deposit 401 - 27.466 ms - message: Please authenticate
2024-09-18 10:30:20 [31merror[39m: ::ffff:127.0.0.1 - POST /v1/orders/deposit 401 - 5.667 ms - message: Please authenticate
2024-09-18 10:30:42 [31merror[39m: ::ffff:127.0.0.1 - POST /v1/orders/deposit 401 - 1.171 ms - message: Please authenticate
2024-09-18 10:32:05 [31merror[39m: ::ffff:127.0.0.1 - POST /v1/orders/deposit 401 - 2.698 ms - message: Please authenticate
2024-09-18 10:33:07 [31merror[39m: ::ffff:127.0.0.1 - POST /v1/orders/deposit 401 - 1.566 ms - message: Please authenticate
2024-09-18 10:33:22 [31merror[39m: ::ffff:127.0.0.1 - POST /v1/orders/deposit 401 - 1.069 ms - message: Please authenticate
2024-09-18 10:34:01 [31merror[39m: ::ffff:127.0.0.1 - POST /v1/orders/deposit 401 - 1.226 ms - message: Please authenticate
2024-09-18 10:34:15 [31merror[39m: ::ffff:127.0.0.1 - POST /v1/orders/deposit 401 - 1.470 ms - message: Please authenticate
2024-09-18 10:35:21 [31merror[39m: ::ffff:127.0.0.1 - POST /v1/orders/deposit 400 - 4.789 ms - message: "quantity" is required, "provider" is required, "ключ" is not allowed, "другойКлюч" is not allowed
2024-09-18 10:49:57 [31merror[39m: ::ffff:127.0.0.1 - GET /v1/orders 401 - 1.242 ms - message: Please authenticate
2024-09-18 11:00:52 [31merror[39m: Error: Cannot set headers after they are sent to the client
    at ServerResponse.setHeader (node:_http_outgoing:652:11)
    at ServerResponse.header (/Users/darksun/dacom-code/foundation/monocoop/node_modules/.pnpm/express@4.21.0/node_modules/express/lib/response.js:794:10)
    at ServerResponse.send (/Users/darksun/dacom-code/foundation/monocoop/node_modules/.pnpm/express@4.21.0/node_modules/express/lib/response.js:174:12)
    at ServerResponse.json (/Users/darksun/dacom-code/foundation/monocoop/node_modules/.pnpm/express@4.21.0/node_modules/express/lib/response.js:278:15)
    at ServerResponse.send (/Users/darksun/dacom-code/foundation/monocoop/node_modules/.pnpm/express@4.21.0/node_modules/express/lib/response.js:162:21)
    at /Users/darksun/dacom-code/foundation/monocoop/components/coopback/src/controllers/order.controller.ts:53:33
    at Generator.next (<anonymous>)
    at fulfilled (/Users/darksun/dacom-code/foundation/monocoop/components/coopback/src/controllers/order.controller.ts:5:58)
    at processTicksAndRejections (node:internal/process/task_queues:95:5) - {"statusCode":500,"isOperational":false}
2024-09-18 11:08:18 [31merror[39m: Error: "query" is not allowed
    at /Users/darksun/dacom-code/foundation/monocoop/components/coopback/src/middlewares/validate.ts:18:17
    at Layer.handle [as handle_request] (/Users/darksun/dacom-code/foundation/monocoop/node_modules/.pnpm/express@4.21.0/node_modules/express/lib/router/layer.js:95:5)
    at next (/Users/darksun/dacom-code/foundation/monocoop/node_modules/.pnpm/express@4.21.0/node_modules/express/lib/router/route.js:149:13)
    at /Users/darksun/dacom-code/foundation/monocoop/components/coopback/src/middlewares/auth.ts:40:19
    at processTicksAndRejections (node:internal/process/task_queues:95:5) - {"statusCode":400,"isOperational":true}
2024-09-18 11:08:18 [31merror[39m: ::ffff:127.0.0.1 - GET /v1/orders?username=ant 400 - 14.227 ms - message: "query" is not allowed
2024-09-18 11:13:24 [31merror[39m: Error: "body" is required
    at /Users/darksun/dacom-code/foundation/monocoop/components/coopback/src/middlewares/validate.ts:18:17
    at Layer.handle [as handle_request] (/Users/darksun/dacom-code/foundation/monocoop/node_modules/.pnpm/express@4.21.0/node_modules/express/lib/router/layer.js:95:5)
    at next (/Users/darksun/dacom-code/foundation/monocoop/node_modules/.pnpm/express@4.21.0/node_modules/express/lib/router/route.js:149:13)
    at Route.dispatch (/Users/darksun/dacom-code/foundation/monocoop/node_modules/.pnpm/express@4.21.0/node_modules/express/lib/router/route.js:119:3)
    at Layer.handle [as handle_request] (/Users/darksun/dacom-code/foundation/monocoop/node_modules/.pnpm/express@4.21.0/node_modules/express/lib/router/layer.js:95:5)
    at /Users/darksun/dacom-code/foundation/monocoop/node_modules/.pnpm/express@4.21.0/node_modules/express/lib/router/index.js:284:15
    at param (/Users/darksun/dacom-code/foundation/monocoop/node_modules/.pnpm/express@4.21.0/node_modules/express/lib/router/index.js:365:14)
    at param (/Users/darksun/dacom-code/foundation/monocoop/node_modules/.pnpm/express@4.21.0/node_modules/express/lib/router/index.js:376:14)
    at Function.process_params (/Users/darksun/dacom-code/foundation/monocoop/node_modules/.pnpm/express@4.21.0/node_modules/express/lib/router/index.js:421:3)
    at next (/Users/darksun/dacom-code/foundation/monocoop/node_modules/.pnpm/express@4.21.0/node_modules/express/lib/router/index.js:280:10) - {"statusCode":400,"isOperational":true}
2024-09-18 11:13:24 [31merror[39m: ::ffff:127.0.0.1 - POST /v1/orders/yandex/ipn 400 - 10.347 ms - message: "body" is required
2024-09-18 11:13:53 [31merror[39m: Error: "body" is required
    at /Users/darksun/dacom-code/foundation/monocoop/components/coopback/src/middlewares/validate.ts:18:17
    at Layer.handle [as handle_request] (/Users/darksun/dacom-code/foundation/monocoop/node_modules/.pnpm/express@4.21.0/node_modules/express/lib/router/layer.js:95:5)
    at next (/Users/darksun/dacom-code/foundation/monocoop/node_modules/.pnpm/express@4.21.0/node_modules/express/lib/router/route.js:149:13)
    at Route.dispatch (/Users/darksun/dacom-code/foundation/monocoop/node_modules/.pnpm/express@4.21.0/node_modules/express/lib/router/route.js:119:3)
    at Layer.handle [as handle_request] (/Users/darksun/dacom-code/foundation/monocoop/node_modules/.pnpm/express@4.21.0/node_modules/express/lib/router/layer.js:95:5)
    at /Users/darksun/dacom-code/foundation/monocoop/node_modules/.pnpm/express@4.21.0/node_modules/express/lib/router/index.js:284:15
    at param (/Users/darksun/dacom-code/foundation/monocoop/node_modules/.pnpm/express@4.21.0/node_modules/express/lib/router/index.js:365:14)
    at param (/Users/darksun/dacom-code/foundation/monocoop/node_modules/.pnpm/express@4.21.0/node_modules/express/lib/router/index.js:376:14)
    at Function.process_params (/Users/darksun/dacom-code/foundation/monocoop/node_modules/.pnpm/express@4.21.0/node_modules/express/lib/router/index.js:421:3)
    at next (/Users/darksun/dacom-code/foundation/monocoop/node_modules/.pnpm/express@4.21.0/node_modules/express/lib/router/index.js:280:10) - {"statusCode":400,"isOperational":true}
2024-09-18 11:13:53 [31merror[39m: ::ffff:127.0.0.1 - POST /v1/orders/yandex/ipn 400 - 23.616 ms - message: "body" is required
2024-09-18 11:13:58 [31merror[39m: Error: "body" is required
    at /Users/darksun/dacom-code/foundation/monocoop/components/coopback/src/middlewares/validate.ts:18:17
    at Layer.handle [as handle_request] (/Users/darksun/dacom-code/foundation/monocoop/node_modules/.pnpm/express@4.21.0/node_modules/express/lib/router/layer.js:95:5)
    at next (/Users/darksun/dacom-code/foundation/monocoop/node_modules/.pnpm/express@4.21.0/node_modules/express/lib/router/route.js:149:13)
    at Route.dispatch (/Users/darksun/dacom-code/foundation/monocoop/node_modules/.pnpm/express@4.21.0/node_modules/express/lib/router/route.js:119:3)
    at Layer.handle [as handle_request] (/Users/darksun/dacom-code/foundation/monocoop/node_modules/.pnpm/express@4.21.0/node_modules/express/lib/router/layer.js:95:5)
    at /Users/darksun/dacom-code/foundation/monocoop/node_modules/.pnpm/express@4.21.0/node_modules/express/lib/router/index.js:284:15
    at param (/Users/darksun/dacom-code/foundation/monocoop/node_modules/.pnpm/express@4.21.0/node_modules/express/lib/router/index.js:365:14)
    at param (/Users/darksun/dacom-code/foundation/monocoop/node_modules/.pnpm/express@4.21.0/node_modules/express/lib/router/index.js:376:14)
    at Function.process_params (/Users/darksun/dacom-code/foundation/monocoop/node_modules/.pnpm/express@4.21.0/node_modules/express/lib/router/index.js:421:3)
    at next (/Users/darksun/dacom-code/foundation/monocoop/node_modules/.pnpm/express@4.21.0/node_modules/express/lib/router/index.js:280:10) - {"statusCode":400,"isOperational":true}
2024-09-18 11:13:58 [31merror[39m: ::ffff:127.0.0.1 - POST /v1/orders/yandex/ipn 400 - 5.357 ms - message: "body" is required
2024-09-18 11:14:03 [31merror[39m: SyntaxError: Expected property name or '}' in JSON at position 1
    at JSON.parse (<anonymous>)
    at parse (/Users/darksun/dacom-code/foundation/monocoop/node_modules/.pnpm/body-parser@1.20.3/node_modules/body-parser/lib/types/json.js:92:19)
    at /Users/darksun/dacom-code/foundation/monocoop/node_modules/.pnpm/body-parser@1.20.3/node_modules/body-parser/lib/read.js:128:18
    at AsyncResource.runInAsyncScope (node:async_hooks:206:9)
    at invokeCallback (/Users/darksun/dacom-code/foundation/monocoop/node_modules/.pnpm/raw-body@2.5.2/node_modules/raw-body/index.js:238:16)
    at done (/Users/darksun/dacom-code/foundation/monocoop/node_modules/.pnpm/raw-body@2.5.2/node_modules/raw-body/index.js:227:7)
    at IncomingMessage.onEnd (/Users/darksun/dacom-code/foundation/monocoop/node_modules/.pnpm/raw-body@2.5.2/node_modules/raw-body/index.js:287:7)
    at IncomingMessage.emit (node:events:518:28)
    at IncomingMessage.emit (node:domain:488:12)
    at endReadableNT (node:internal/streams/readable:1696:12) - {"statusCode":400,"isOperational":false}
2024-09-18 11:14:03 [31merror[39m: ::ffff:127.0.0.1 - POST /v1/orders/yandex/ipn 500 - 6.970 ms - message: Expected property name or '}' in JSON at position 1
2024-09-18 11:14:39 [31merror[39m: Error: "body" is required
    at /Users/darksun/dacom-code/foundation/monocoop/components/coopback/src/middlewares/validate.ts:18:17
    at Layer.handle [as handle_request] (/Users/darksun/dacom-code/foundation/monocoop/node_modules/.pnpm/express@4.21.0/node_modules/express/lib/router/layer.js:95:5)
    at next (/Users/darksun/dacom-code/foundation/monocoop/node_modules/.pnpm/express@4.21.0/node_modules/express/lib/router/route.js:149:13)
    at Route.dispatch (/Users/darksun/dacom-code/foundation/monocoop/node_modules/.pnpm/express@4.21.0/node_modules/express/lib/router/route.js:119:3)
    at Layer.handle [as handle_request] (/Users/darksun/dacom-code/foundation/monocoop/node_modules/.pnpm/express@4.21.0/node_modules/express/lib/router/layer.js:95:5)
    at /Users/darksun/dacom-code/foundation/monocoop/node_modules/.pnpm/express@4.21.0/node_modules/express/lib/router/index.js:284:15
    at param (/Users/darksun/dacom-code/foundation/monocoop/node_modules/.pnpm/express@4.21.0/node_modules/express/lib/router/index.js:365:14)
    at param (/Users/darksun/dacom-code/foundation/monocoop/node_modules/.pnpm/express@4.21.0/node_modules/express/lib/router/index.js:376:14)
    at Function.process_params (/Users/darksun/dacom-code/foundation/monocoop/node_modules/.pnpm/express@4.21.0/node_modules/express/lib/router/index.js:421:3)
    at next (/Users/darksun/dacom-code/foundation/monocoop/node_modules/.pnpm/express@4.21.0/node_modules/express/lib/router/index.js:280:10) - {"statusCode":400,"isOperational":true}
2024-09-18 11:14:39 [31merror[39m: ::ffff:127.0.0.1 - POST /v1/orders/yandex/ipn 400 - 7.588 ms - message: "body" is required
2024-09-18 11:14:59 [31merror[39m: Error: "body" is required
    at /Users/darksun/dacom-code/foundation/monocoop/components/coopback/src/middlewares/validate.ts:18:17
    at Layer.handle [as handle_request] (/Users/darksun/dacom-code/foundation/monocoop/node_modules/.pnpm/express@4.21.0/node_modules/express/lib/router/layer.js:95:5)
    at next (/Users/darksun/dacom-code/foundation/monocoop/node_modules/.pnpm/express@4.21.0/node_modules/express/lib/router/route.js:149:13)
    at Route.dispatch (/Users/darksun/dacom-code/foundation/monocoop/node_modules/.pnpm/express@4.21.0/node_modules/express/lib/router/route.js:119:3)
    at Layer.handle [as handle_request] (/Users/darksun/dacom-code/foundation/monocoop/node_modules/.pnpm/express@4.21.0/node_modules/express/lib/router/layer.js:95:5)
    at /Users/darksun/dacom-code/foundation/monocoop/node_modules/.pnpm/express@4.21.0/node_modules/express/lib/router/index.js:284:15
    at param (/Users/darksun/dacom-code/foundation/monocoop/node_modules/.pnpm/express@4.21.0/node_modules/express/lib/router/index.js:365:14)
    at param (/Users/darksun/dacom-code/foundation/monocoop/node_modules/.pnpm/express@4.21.0/node_modules/express/lib/router/index.js:376:14)
    at Function.process_params (/Users/darksun/dacom-code/foundation/monocoop/node_modules/.pnpm/express@4.21.0/node_modules/express/lib/router/index.js:421:3)
    at next (/Users/darksun/dacom-code/foundation/monocoop/node_modules/.pnpm/express@4.21.0/node_modules/express/lib/router/index.js:280:10) - {"statusCode":400,"isOperational":true}
2024-09-18 11:14:59 [31merror[39m: ::ffff:127.0.0.1 - POST /v1/orders/yandex/ipn 400 - 2.100 ms - message: "body" is required
2024-09-18 11:15:13 [31merror[39m: SyntaxError: Expected property name or '}' in JSON at position 3
    at JSON.parse (<anonymous>)
    at parse (/Users/darksun/dacom-code/foundation/monocoop/node_modules/.pnpm/body-parser@1.20.3/node_modules/body-parser/lib/types/json.js:92:19)
    at /Users/darksun/dacom-code/foundation/monocoop/node_modules/.pnpm/body-parser@1.20.3/node_modules/body-parser/lib/read.js:128:18
    at AsyncResource.runInAsyncScope (node:async_hooks:206:9)
    at invokeCallback (/Users/darksun/dacom-code/foundation/monocoop/node_modules/.pnpm/raw-body@2.5.2/node_modules/raw-body/index.js:238:16)
    at done (/Users/darksun/dacom-code/foundation/monocoop/node_modules/.pnpm/raw-body@2.5.2/node_modules/raw-body/index.js:227:7)
    at IncomingMessage.onEnd (/Users/darksun/dacom-code/foundation/monocoop/node_modules/.pnpm/raw-body@2.5.2/node_modules/raw-body/index.js:287:7)
    at IncomingMessage.emit (node:events:518:28)
    at IncomingMessage.emit (node:domain:488:12)
    at endReadableNT (node:internal/streams/readable:1696:12) - {"statusCode":400,"isOperational":false}
2024-09-18 11:15:13 [31merror[39m: ::ffff:127.0.0.1 - POST /v1/orders/yandex/ipn 500 - 3.326 ms - message: Expected property name or '}' in JSON at position 3
2024-09-18 11:16:15 [31merror[39m: SyntaxError: Expected property name or '}' in JSON at position 3
    at JSON.parse (<anonymous>)
    at parse (/Users/darksun/dacom-code/foundation/monocoop/node_modules/.pnpm/body-parser@1.20.3/node_modules/body-parser/lib/types/json.js:92:19)
    at /Users/darksun/dacom-code/foundation/monocoop/node_modules/.pnpm/body-parser@1.20.3/node_modules/body-parser/lib/read.js:128:18
    at AsyncResource.runInAsyncScope (node:async_hooks:206:9)
    at invokeCallback (/Users/darksun/dacom-code/foundation/monocoop/node_modules/.pnpm/raw-body@2.5.2/node_modules/raw-body/index.js:238:16)
    at done (/Users/darksun/dacom-code/foundation/monocoop/node_modules/.pnpm/raw-body@2.5.2/node_modules/raw-body/index.js:227:7)
    at IncomingMessage.onEnd (/Users/darksun/dacom-code/foundation/monocoop/node_modules/.pnpm/raw-body@2.5.2/node_modules/raw-body/index.js:287:7)
    at IncomingMessage.emit (node:events:518:28)
    at IncomingMessage.emit (node:domain:488:12)
    at endReadableNT (node:internal/streams/readable:1696:12) - {"statusCode":400,"isOperational":false}
2024-09-18 11:16:15 [31merror[39m: ::ffff:127.0.0.1 - POST /v1/orders/yandex/ipn 500 - 4.324 ms - message: Expected property name or '}' in JSON at position 3
2024-09-18 11:17:11 [31merror[39m: SyntaxError: Unexpected token '"', ""test": "test"" is not valid JSON
    at JSON.parse (<anonymous>)
    at createStrictSyntaxError (/Users/darksun/dacom-code/foundation/monocoop/node_modules/.pnpm/body-parser@1.20.3/node_modules/body-parser/lib/types/json.js:169:10)
    at parse (/Users/darksun/dacom-code/foundation/monocoop/node_modules/.pnpm/body-parser@1.20.3/node_modules/body-parser/lib/types/json.js:86:15)
    at /Users/darksun/dacom-code/foundation/monocoop/node_modules/.pnpm/body-parser@1.20.3/node_modules/body-parser/lib/read.js:128:18
    at AsyncResource.runInAsyncScope (node:async_hooks:206:9)
    at invokeCallback (/Users/darksun/dacom-code/foundation/monocoop/node_modules/.pnpm/raw-body@2.5.2/node_modules/raw-body/index.js:238:16)
    at done (/Users/darksun/dacom-code/foundation/monocoop/node_modules/.pnpm/raw-body@2.5.2/node_modules/raw-body/index.js:227:7)
    at IncomingMessage.onEnd (/Users/darksun/dacom-code/foundation/monocoop/node_modules/.pnpm/raw-body@2.5.2/node_modules/raw-body/index.js:287:7)
    at IncomingMessage.emit (node:events:518:28)
    at IncomingMessage.emit (node:domain:488:12) - {"statusCode":400,"isOperational":false}
2024-09-18 11:17:11 [31merror[39m: ::ffff:127.0.0.1 - POST /v1/orders/yandex/ipn 500 - 2.930 ms - message: Unexpected token '"', ""test": "test"" is not valid JSON
2024-09-18 11:17:24 [31merror[39m: Error: Провайдер IPN yandex не поддерживается
    at Function.createProvider (/Users/darksun/dacom-code/foundation/monocoop/components/coopback/src/services/payment/ipn/ipnProviderFactory.ts:11:15)
    at /Users/darksun/dacom-code/foundation/monocoop/components/coopback/src/controllers/order.controller.ts:24:39
    at Generator.next (<anonymous>)
    at /Users/darksun/dacom-code/foundation/monocoop/components/coopback/src/controllers/order.controller.ts:8:71
    at new Promise (<anonymous>)
    at __awaiter (/Users/darksun/dacom-code/foundation/monocoop/components/coopback/src/controllers/order.controller.ts:4:12)
    at /Users/darksun/dacom-code/foundation/monocoop/components/coopback/src/controllers/order.controller.ts:20:74
    at /Users/darksun/dacom-code/foundation/monocoop/components/coopback/src/utils/catchAsync.ts:2:19
    at Layer.handle [as handle_request] (/Users/darksun/dacom-code/foundation/monocoop/node_modules/.pnpm/express@4.21.0/node_modules/express/lib/router/layer.js:95:5)
    at next (/Users/darksun/dacom-code/foundation/monocoop/node_modules/.pnpm/express@4.21.0/node_modules/express/lib/router/route.js:149:13) - {"statusCode":500,"isOperational":false}
2024-09-18 11:17:24 [31merror[39m: ::ffff:127.0.0.1 - POST /v1/orders/yandex/ipn 500 - 13.148 ms - message: Провайдер IPN yandex не поддерживается
2024-09-18 11:17:31 [31merror[39m: Error: Провайдер IPN yandex не поддерживается
    at Function.createProvider (/Users/darksun/dacom-code/foundation/monocoop/components/coopback/src/services/payment/ipn/ipnProviderFactory.ts:11:15)
    at /Users/darksun/dacom-code/foundation/monocoop/components/coopback/src/controllers/order.controller.ts:24:39
    at Generator.next (<anonymous>)
    at /Users/darksun/dacom-code/foundation/monocoop/components/coopback/src/controllers/order.controller.ts:8:71
    at new Promise (<anonymous>)
    at __awaiter (/Users/darksun/dacom-code/foundation/monocoop/components/coopback/src/controllers/order.controller.ts:4:12)
    at /Users/darksun/dacom-code/foundation/monocoop/components/coopback/src/controllers/order.controller.ts:20:74
    at /Users/darksun/dacom-code/foundation/monocoop/components/coopback/src/utils/catchAsync.ts:2:19
    at Layer.handle [as handle_request] (/Users/darksun/dacom-code/foundation/monocoop/node_modules/.pnpm/express@4.21.0/node_modules/express/lib/router/layer.js:95:5)
    at next (/Users/darksun/dacom-code/foundation/monocoop/node_modules/.pnpm/express@4.21.0/node_modules/express/lib/router/route.js:149:13) - {"statusCode":500,"isOperational":false}
2024-09-18 11:17:31 [31merror[39m: ::ffff:127.0.0.1 - POST /v1/orders/yandex/ipn 500 - 5.072 ms - message: Провайдер IPN yandex не поддерживается
2024-09-18 11:17:59 [31merror[39m: Error: Провайдер IPN yandex не поддерживается
    at Function.createProvider (/Users/darksun/dacom-code/foundation/monocoop/components/coopback/src/services/payment/ipn/ipnProviderFactory.ts:11:15)
    at /Users/darksun/dacom-code/foundation/monocoop/components/coopback/src/controllers/order.controller.ts:24:39
    at Generator.next (<anonymous>)
    at /Users/darksun/dacom-code/foundation/monocoop/components/coopback/src/controllers/order.controller.ts:8:71
    at new Promise (<anonymous>)
    at __awaiter (/Users/darksun/dacom-code/foundation/monocoop/components/coopback/src/controllers/order.controller.ts:4:12)
    at /Users/darksun/dacom-code/foundation/monocoop/components/coopback/src/controllers/order.controller.ts:20:74
    at /Users/darksun/dacom-code/foundation/monocoop/components/coopback/src/utils/catchAsync.ts:2:19
    at Layer.handle [as handle_request] (/Users/darksun/dacom-code/foundation/monocoop/node_modules/.pnpm/express@4.21.0/node_modules/express/lib/router/layer.js:95:5)
    at next (/Users/darksun/dacom-code/foundation/monocoop/node_modules/.pnpm/express@4.21.0/node_modules/express/lib/router/route.js:149:13) - {"statusCode":500,"isOperational":false}
2024-09-18 11:17:59 [31merror[39m: ::ffff:127.0.0.1 - POST /v1/orders/yandex/ipn 500 - 2.947 ms - message: Провайдер IPN yandex не поддерживается
2024-09-18 11:18:00 [31merror[39m: Error: Провайдер IPN yandex не поддерживается
    at Function.createProvider (/Users/darksun/dacom-code/foundation/monocoop/components/coopback/src/services/payment/ipn/ipnProviderFactory.ts:11:15)
    at /Users/darksun/dacom-code/foundation/monocoop/components/coopback/src/controllers/order.controller.ts:24:39
    at Generator.next (<anonymous>)
    at /Users/darksun/dacom-code/foundation/monocoop/components/coopback/src/controllers/order.controller.ts:8:71
    at new Promise (<anonymous>)
    at __awaiter (/Users/darksun/dacom-code/foundation/monocoop/components/coopback/src/controllers/order.controller.ts:4:12)
    at /Users/darksun/dacom-code/foundation/monocoop/components/coopback/src/controllers/order.controller.ts:20:74
    at /Users/darksun/dacom-code/foundation/monocoop/components/coopback/src/utils/catchAsync.ts:2:19
    at Layer.handle [as handle_request] (/Users/darksun/dacom-code/foundation/monocoop/node_modules/.pnpm/express@4.21.0/node_modules/express/lib/router/layer.js:95:5)
    at next (/Users/darksun/dacom-code/foundation/monocoop/node_modules/.pnpm/express@4.21.0/node_modules/express/lib/router/route.js:149:13) - {"statusCode":500,"isOperational":false}
2024-09-18 11:18:00 [31merror[39m: ::ffff:127.0.0.1 - POST /v1/orders/yandex/ipn 500 - 3.058 ms - message: Провайдер IPN yandex не поддерживается
2024-09-18 11:19:39 [31merror[39m: Error: Провайдер IPN yandex не поддерживается
    at Function.createProvider (/Users/darksun/dacom-code/foundation/monocoop/components/coopback/src/services/payment/ipn/ipnProviderFactory.ts:11:15)
    at /Users/darksun/dacom-code/foundation/monocoop/components/coopback/src/controllers/order.controller.ts:25:39
    at Generator.next (<anonymous>)
    at /Users/darksun/dacom-code/foundation/monocoop/components/coopback/src/controllers/order.controller.ts:8:71
    at new Promise (<anonymous>)
    at __awaiter (/Users/darksun/dacom-code/foundation/monocoop/components/coopback/src/controllers/order.controller.ts:4:12)
    at /Users/darksun/dacom-code/foundation/monocoop/components/coopback/src/controllers/order.controller.ts:20:74
    at /Users/darksun/dacom-code/foundation/monocoop/components/coopback/src/utils/catchAsync.ts:2:19
    at Layer.handle [as handle_request] (/Users/darksun/dacom-code/foundation/monocoop/node_modules/.pnpm/express@4.21.0/node_modules/express/lib/router/layer.js:95:5)
    at next (/Users/darksun/dacom-code/foundation/monocoop/node_modules/.pnpm/express@4.21.0/node_modules/express/lib/router/route.js:149:13) - {"statusCode":500,"isOperational":false}
2024-09-18 11:19:39 [31merror[39m: ::ffff:127.0.0.1 - POST /v1/orders/yandex/ipn 500 - 35.868 ms - message: Провайдер IPN yandex не поддерживается
2024-09-18 11:20:14 [31merror[39m: ::ffff:127.0.0.1 - POST /v1/orders/yookassa/ipn 500 - 4.049 ms - message: -
2024-09-18 11:20:53 [31merror[39m: ::ffff:127.0.0.1 - POST /v1/orders/yookassa/ipn 500 - 2.125 ms - message: -
2024-09-18 11:20:55 [31merror[39m: ::ffff:127.0.0.1 - POST /v1/orders/yookassa/ipn 500 - 3.077 ms - message: -
2024-09-18 11:20:59 [31merror[39m: ::ffff:127.0.0.1 - POST /v1/orders/yookassa/ipn 500 - 2.006 ms - message: -
2024-09-18 11:21:01 [31merror[39m: ::ffff:127.0.0.1 - POST /v1/orders/yookassa/ipn 500 - 2.694 ms - message: -
2024-09-18 11:21:02 [31merror[39m: ::ffff:127.0.0.1 - POST /v1/orders/yookassa/ipn 500 - 2.439 ms - message: -
2024-09-18 11:23:02 [31merror[39m: TypeError: Cannot read properties of undefined (reading 'id')
    at YooKassaIPNProvider.<anonymous> (/Users/darksun/dacom-code/foundation/monocoop/components/coopback/src/services/payment/ipn/yooKassaIPNProvider.ts:115:68)
    at Generator.next (<anonymous>)
    at /Users/darksun/dacom-code/foundation/monocoop/components/coopback/src/services/payment/ipn/yooKassaIPNProvider.ts:8:71
    at new Promise (<anonymous>)
    at __awaiter (/Users/darksun/dacom-code/foundation/monocoop/components/coopback/src/services/payment/ipn/yooKassaIPNProvider.ts:4:12)
    at YooKassaIPNProvider.handleIPN (/Users/darksun/dacom-code/foundation/monocoop/components/coopback/src/services/payment/ipn/yooKassaIPNProvider.ts:33:16)
    at /Users/darksun/dacom-code/foundation/monocoop/components/coopback/src/controllers/order.controller.ts:18:18
    at Generator.next (<anonymous>)
    at /Users/darksun/dacom-code/foundation/monocoop/components/coopback/src/controllers/order.controller.ts:8:71
    at new Promise (<anonymous>) - {"statusCode":500,"isOperational":false}
2024-09-18 11:23:02 [31merror[39m: ::ffff:127.0.0.1 - POST /v1/orders/yookassa/ipn 500 - 739.879 ms - message: Cannot read properties of undefined (reading 'id')
2024-09-18 11:40:41 [31merror[39m: Error happen on createOrder process - {"source":"createOrder"}
2024-09-18 11:40:41 [31merror[39m: Error: Internal Server Error
    at errorConverter (/Users/darksun/dacom-code/foundation/monocoop/components/coopback/src/middlewares/error.ts:20:15)
    at Layer.handle_error (/Users/darksun/dacom-code/foundation/monocoop/node_modules/.pnpm/express@4.21.0/node_modules/express/lib/router/layer.js:71:5)
    at trim_prefix (/Users/darksun/dacom-code/foundation/monocoop/node_modules/.pnpm/express@4.21.0/node_modules/express/lib/router/index.js:326:13)
    at /Users/darksun/dacom-code/foundation/monocoop/node_modules/.pnpm/express@4.21.0/node_modules/express/lib/router/index.js:286:9
    at Function.process_params (/Users/darksun/dacom-code/foundation/monocoop/node_modules/.pnpm/express@4.21.0/node_modules/express/lib/router/index.js:346:12)
    at next (/Users/darksun/dacom-code/foundation/monocoop/node_modules/.pnpm/express@4.21.0/node_modules/express/lib/router/index.js:280:10)
    at Layer.handle_error (/Users/darksun/dacom-code/foundation/monocoop/node_modules/.pnpm/express@4.21.0/node_modules/express/lib/router/layer.js:67:12)
    at trim_prefix (/Users/darksun/dacom-code/foundation/monocoop/node_modules/.pnpm/express@4.21.0/node_modules/express/lib/router/index.js:326:13)
    at /Users/darksun/dacom-code/foundation/monocoop/node_modules/.pnpm/express@4.21.0/node_modules/express/lib/router/index.js:286:9
    at Function.process_params (/Users/darksun/dacom-code/foundation/monocoop/node_modules/.pnpm/express@4.21.0/node_modules/express/lib/router/index.js:346:12) - {"statusCode":500,"isOperational":false}
2024-09-18 11:40:41 [31merror[39m: ::ffff:127.0.0.1 - POST /v1/orders/initial 500 - 984.862 ms - message: Internal Server Error
2024-09-18 11:44:54 [31merror[39m: Error: Internal Server Error
    at errorConverter (/Users/darksun/dacom-code/foundation/monocoop/components/coopback/src/middlewares/error.ts:20:15)
    at Layer.handle_error (/Users/darksun/dacom-code/foundation/monocoop/node_modules/.pnpm/express@4.21.0/node_modules/express/lib/router/layer.js:71:5)
    at trim_prefix (/Users/darksun/dacom-code/foundation/monocoop/node_modules/.pnpm/express@4.21.0/node_modules/express/lib/router/index.js:326:13)
    at /Users/darksun/dacom-code/foundation/monocoop/node_modules/.pnpm/express@4.21.0/node_modules/express/lib/router/index.js:286:9
    at Function.process_params (/Users/darksun/dacom-code/foundation/monocoop/node_modules/.pnpm/express@4.21.0/node_modules/express/lib/router/index.js:346:12)
    at next (/Users/darksun/dacom-code/foundation/monocoop/node_modules/.pnpm/express@4.21.0/node_modules/express/lib/router/index.js:280:10)
    at Layer.handle_error (/Users/darksun/dacom-code/foundation/monocoop/node_modules/.pnpm/express@4.21.0/node_modules/express/lib/router/layer.js:67:12)
    at trim_prefix (/Users/darksun/dacom-code/foundation/monocoop/node_modules/.pnpm/express@4.21.0/node_modules/express/lib/router/index.js:326:13)
    at /Users/darksun/dacom-code/foundation/monocoop/node_modules/.pnpm/express@4.21.0/node_modules/express/lib/router/index.js:286:9
    at Function.process_params (/Users/darksun/dacom-code/foundation/monocoop/node_modules/.pnpm/express@4.21.0/node_modules/express/lib/router/index.js:346:12) - {"statusCode":500,"isOperational":false}
2024-09-18 11:44:54 [31merror[39m: ::ffff:127.0.0.1 - POST /v1/orders/initial 500 - 826.774 ms - message: Internal Server Error
2024-09-18 11:46:38 [31merror[39m: Error: Internal Server Error
    at errorConverter (/Users/darksun/dacom-code/foundation/monocoop/components/coopback/src/middlewares/error.ts:20:15)
    at Layer.handle_error (/Users/darksun/dacom-code/foundation/monocoop/node_modules/.pnpm/express@4.21.0/node_modules/express/lib/router/layer.js:71:5)
    at trim_prefix (/Users/darksun/dacom-code/foundation/monocoop/node_modules/.pnpm/express@4.21.0/node_modules/express/lib/router/index.js:326:13)
    at /Users/darksun/dacom-code/foundation/monocoop/node_modules/.pnpm/express@4.21.0/node_modules/express/lib/router/index.js:286:9
    at Function.process_params (/Users/darksun/dacom-code/foundation/monocoop/node_modules/.pnpm/express@4.21.0/node_modules/express/lib/router/index.js:346:12)
    at next (/Users/darksun/dacom-code/foundation/monocoop/node_modules/.pnpm/express@4.21.0/node_modules/express/lib/router/index.js:280:10)
    at Layer.handle_error (/Users/darksun/dacom-code/foundation/monocoop/node_modules/.pnpm/express@4.21.0/node_modules/express/lib/router/layer.js:67:12)
    at trim_prefix (/Users/darksun/dacom-code/foundation/monocoop/node_modules/.pnpm/express@4.21.0/node_modules/express/lib/router/index.js:326:13)
    at /Users/darksun/dacom-code/foundation/monocoop/node_modules/.pnpm/express@4.21.0/node_modules/express/lib/router/index.js:286:9
    at Function.process_params (/Users/darksun/dacom-code/foundation/monocoop/node_modules/.pnpm/express@4.21.0/node_modules/express/lib/router/index.js:346:12) - {"statusCode":500,"isOperational":false}
2024-09-18 11:46:38 [31merror[39m: ::ffff:127.0.0.1 - POST /v1/orders/initial 500 - 1211.000 ms - message: Internal Server Error
2024-09-18 11:49:47 [31merror[39m: Error: Internal Server Error
    at errorConverter (/Users/darksun/dacom-code/foundation/monocoop/components/coopback/src/middlewares/error.ts:20:15)
    at Layer.handle_error (/Users/darksun/dacom-code/foundation/monocoop/node_modules/.pnpm/express@4.21.0/node_modules/express/lib/router/layer.js:71:5)
    at trim_prefix (/Users/darksun/dacom-code/foundation/monocoop/node_modules/.pnpm/express@4.21.0/node_modules/express/lib/router/index.js:326:13)
    at /Users/darksun/dacom-code/foundation/monocoop/node_modules/.pnpm/express@4.21.0/node_modules/express/lib/router/index.js:286:9
    at Function.process_params (/Users/darksun/dacom-code/foundation/monocoop/node_modules/.pnpm/express@4.21.0/node_modules/express/lib/router/index.js:346:12)
    at next (/Users/darksun/dacom-code/foundation/monocoop/node_modules/.pnpm/express@4.21.0/node_modules/express/lib/router/index.js:280:10)
    at Layer.handle_error (/Users/darksun/dacom-code/foundation/monocoop/node_modules/.pnpm/express@4.21.0/node_modules/express/lib/router/layer.js:67:12)
    at trim_prefix (/Users/darksun/dacom-code/foundation/monocoop/node_modules/.pnpm/express@4.21.0/node_modules/express/lib/router/index.js:326:13)
    at /Users/darksun/dacom-code/foundation/monocoop/node_modules/.pnpm/express@4.21.0/node_modules/express/lib/router/index.js:286:9
    at Function.process_params (/Users/darksun/dacom-code/foundation/monocoop/node_modules/.pnpm/express@4.21.0/node_modules/express/lib/router/index.js:346:12) - {"statusCode":500,"isOperational":false}
2024-09-18 11:49:47 [31merror[39m: ::ffff:127.0.0.1 - POST /v1/orders/initial 500 - 633.490 ms - message: Internal Server Error
2024-09-18 11:51:22 [31merror[39m: Error: Internal Server Error
    at errorConverter (/Users/darksun/dacom-code/foundation/monocoop/components/coopback/src/middlewares/error.ts:20:15)
    at Layer.handle_error (/Users/darksun/dacom-code/foundation/monocoop/node_modules/.pnpm/express@4.21.0/node_modules/express/lib/router/layer.js:71:5)
    at trim_prefix (/Users/darksun/dacom-code/foundation/monocoop/node_modules/.pnpm/express@4.21.0/node_modules/express/lib/router/index.js:326:13)
    at /Users/darksun/dacom-code/foundation/monocoop/node_modules/.pnpm/express@4.21.0/node_modules/express/lib/router/index.js:286:9
    at Function.process_params (/Users/darksun/dacom-code/foundation/monocoop/node_modules/.pnpm/express@4.21.0/node_modules/express/lib/router/index.js:346:12)
    at next (/Users/darksun/dacom-code/foundation/monocoop/node_modules/.pnpm/express@4.21.0/node_modules/express/lib/router/index.js:280:10)
    at Layer.handle_error (/Users/darksun/dacom-code/foundation/monocoop/node_modules/.pnpm/express@4.21.0/node_modules/express/lib/router/layer.js:67:12)
    at trim_prefix (/Users/darksun/dacom-code/foundation/monocoop/node_modules/.pnpm/express@4.21.0/node_modules/express/lib/router/index.js:326:13)
    at /Users/darksun/dacom-code/foundation/monocoop/node_modules/.pnpm/express@4.21.0/node_modules/express/lib/router/index.js:286:9
    at Function.process_params (/Users/darksun/dacom-code/foundation/monocoop/node_modules/.pnpm/express@4.21.0/node_modules/express/lib/router/index.js:346:12) - {"statusCode":500,"isOperational":false}
2024-09-18 11:51:22 [31merror[39m: ::ffff:127.0.0.1 - POST /v1/orders/initial 500 - 740.700 ms - message: Internal Server Error
2024-09-18 11:57:36 [31merror[39m: Error happen on createOrder process - {"source":"createOrder"}
2024-09-18 11:57:36 [31merror[39m: Error: Internal Server Error
    at errorConverter (/Users/darksun/dacom-code/foundation/monocoop/components/coopback/src/middlewares/error.ts:20:15)
    at Layer.handle_error (/Users/darksun/dacom-code/foundation/monocoop/node_modules/.pnpm/express@4.21.0/node_modules/express/lib/router/layer.js:71:5)
    at trim_prefix (/Users/darksun/dacom-code/foundation/monocoop/node_modules/.pnpm/express@4.21.0/node_modules/express/lib/router/index.js:326:13)
    at /Users/darksun/dacom-code/foundation/monocoop/node_modules/.pnpm/express@4.21.0/node_modules/express/lib/router/index.js:286:9
    at Function.process_params (/Users/darksun/dacom-code/foundation/monocoop/node_modules/.pnpm/express@4.21.0/node_modules/express/lib/router/index.js:346:12)
    at next (/Users/darksun/dacom-code/foundation/monocoop/node_modules/.pnpm/express@4.21.0/node_modules/express/lib/router/index.js:280:10)
    at Layer.handle_error (/Users/darksun/dacom-code/foundation/monocoop/node_modules/.pnpm/express@4.21.0/node_modules/express/lib/router/layer.js:67:12)
    at trim_prefix (/Users/darksun/dacom-code/foundation/monocoop/node_modules/.pnpm/express@4.21.0/node_modules/express/lib/router/index.js:326:13)
    at /Users/darksun/dacom-code/foundation/monocoop/node_modules/.pnpm/express@4.21.0/node_modules/express/lib/router/index.js:286:9
    at Function.process_params (/Users/darksun/dacom-code/foundation/monocoop/node_modules/.pnpm/express@4.21.0/node_modules/express/lib/router/index.js:346:12) - {"statusCode":500,"isOperational":false}
2024-09-18 11:57:36 [31merror[39m: ::ffff:127.0.0.1 - POST /v1/orders/initial 500 - 625.833 ms - message: Internal Server Error
2024-09-18 12:00:10 [31merror[39m: Error happen on createOrder process - {"error":{"config":{"url":"https://api.yookassa.ru/v3/payments","method":"post","data":"{\"description\":\"Регистрационный взнос\",\"amount\":{\"value\":\"NaN\",\"currency\":\"RUB\"},\"confirmation\":{\"type\":\"embedded\"},\"metadata\":{\"internal_id\":\"66ea7a7acb157c81a7c82f28\"},\"capture\":true}","headers":{"Accept":"application/json, text/plain, */*","Content-Type":"application/json","Idempotence-Key":"66ea7a7acb157c81a7c82f28","User-Agent":"axios/0.21.4","Content-Length":205},"auth":{"username":"345083","password":"test_sVAPDQP86mbPQJcdhHQ_XoPyI7XUxcNI5XdzAN9WL0Y"},"transformRequest":[null],"transformResponse":[null],"timeout":0,"xsrfCookieName":"XSRF-TOKEN","xsrfHeaderName":"X-XSRF-TOKEN","maxContentLength":-1,"maxBodyLength":-1,"transitional":{"silentJSONParsing":true,"forcedJSONParsing":true,"clarifyTimeoutError":false}}},"source":"createOrder"}
2024-09-18 12:00:10 [31merror[39m: Error: Internal Server Error
    at errorConverter (/Users/darksun/dacom-code/foundation/monocoop/components/coopback/src/middlewares/error.ts:20:15)
    at Layer.handle_error (/Users/darksun/dacom-code/foundation/monocoop/node_modules/.pnpm/express@4.21.0/node_modules/express/lib/router/layer.js:71:5)
    at trim_prefix (/Users/darksun/dacom-code/foundation/monocoop/node_modules/.pnpm/express@4.21.0/node_modules/express/lib/router/index.js:326:13)
    at /Users/darksun/dacom-code/foundation/monocoop/node_modules/.pnpm/express@4.21.0/node_modules/express/lib/router/index.js:286:9
    at Function.process_params (/Users/darksun/dacom-code/foundation/monocoop/node_modules/.pnpm/express@4.21.0/node_modules/express/lib/router/index.js:346:12)
    at next (/Users/darksun/dacom-code/foundation/monocoop/node_modules/.pnpm/express@4.21.0/node_modules/express/lib/router/index.js:280:10)
    at Layer.handle_error (/Users/darksun/dacom-code/foundation/monocoop/node_modules/.pnpm/express@4.21.0/node_modules/express/lib/router/layer.js:67:12)
    at trim_prefix (/Users/darksun/dacom-code/foundation/monocoop/node_modules/.pnpm/express@4.21.0/node_modules/express/lib/router/index.js:326:13)
    at /Users/darksun/dacom-code/foundation/monocoop/node_modules/.pnpm/express@4.21.0/node_modules/express/lib/router/index.js:286:9
    at Function.process_params (/Users/darksun/dacom-code/foundation/monocoop/node_modules/.pnpm/express@4.21.0/node_modules/express/lib/router/index.js:346:12) - {"statusCode":500,"isOperational":false}
2024-09-18 12:00:10 [31merror[39m: ::ffff:127.0.0.1 - POST /v1/orders/initial 500 - 612.373 ms - message: Internal Server Error
2024-09-18 12:02:35 [31merror[39m: Error happen on createOrder process - {"error":{"config":{"url":"https://api.yookassa.ru/v3/payments","method":"post","data":"{\"description\":\"Регистрационный взнос\",\"amount\":{\"value\":\"NaN\",\"currency\":\"RUB\"},\"confirmation\":{\"type\":\"embedded\"},\"metadata\":{\"internal_id\":\"66ea7b0bb61e4ced19aa11f7\"},\"capture\":true}","headers":{"Accept":"application/json, text/plain, */*","Content-Type":"application/json","Idempotence-Key":"66ea7b0bb61e4ced19aa11f7","User-Agent":"axios/0.21.4","Content-Length":205},"auth":{"username":"345083","password":"test_sVAPDQP86mbPQJcdhHQ_XoPyI7XUxcNI5XdzAN9WL0Y"},"transformRequest":[null],"transformResponse":[null],"timeout":0,"xsrfCookieName":"XSRF-TOKEN","xsrfHeaderName":"X-XSRF-TOKEN","maxContentLength":-1,"maxBodyLength":-1,"transitional":{"silentJSONParsing":true,"forcedJSONParsing":true,"clarifyTimeoutError":false}}},"source":"createOrder"}
2024-09-18 12:02:35 [31merror[39m: Error: Internal Server Error
    at errorConverter (/Users/darksun/dacom-code/foundation/monocoop/components/coopback/src/middlewares/error.ts:20:15)
    at Layer.handle_error (/Users/darksun/dacom-code/foundation/monocoop/node_modules/.pnpm/express@4.21.0/node_modules/express/lib/router/layer.js:71:5)
    at trim_prefix (/Users/darksun/dacom-code/foundation/monocoop/node_modules/.pnpm/express@4.21.0/node_modules/express/lib/router/index.js:326:13)
    at /Users/darksun/dacom-code/foundation/monocoop/node_modules/.pnpm/express@4.21.0/node_modules/express/lib/router/index.js:286:9
    at Function.process_params (/Users/darksun/dacom-code/foundation/monocoop/node_modules/.pnpm/express@4.21.0/node_modules/express/lib/router/index.js:346:12)
    at next (/Users/darksun/dacom-code/foundation/monocoop/node_modules/.pnpm/express@4.21.0/node_modules/express/lib/router/index.js:280:10)
    at Layer.handle_error (/Users/darksun/dacom-code/foundation/monocoop/node_modules/.pnpm/express@4.21.0/node_modules/express/lib/router/layer.js:67:12)
    at trim_prefix (/Users/darksun/dacom-code/foundation/monocoop/node_modules/.pnpm/express@4.21.0/node_modules/express/lib/router/index.js:326:13)
    at /Users/darksun/dacom-code/foundation/monocoop/node_modules/.pnpm/express@4.21.0/node_modules/express/lib/router/index.js:286:9
    at Function.process_params (/Users/darksun/dacom-code/foundation/monocoop/node_modules/.pnpm/express@4.21.0/node_modules/express/lib/router/index.js:346:12) - {"statusCode":500,"isOperational":false}
2024-09-18 12:02:35 [31merror[39m: ::ffff:127.0.0.1 - POST /v1/orders/initial 500 - 681.233 ms - message: Internal Server Error
2024-09-18 12:03:53 [31merror[39m: Error happen on createOrder process - {"error":{"errorResponse":{"operationTime":{"$timestamp":"7415875358601248769"},"ok":0,"errmsg":"Cannot create namespace cooperative.orders in multi-document transaction.","code":26,"codeName":"NamespaceNotFound","$clusterTime":{"clusterTime":{"$timestamp":"7415875358601248769"},"signature":{"hash":"AAAAAAAAAAAAAAAAAAAAAAAAAAA=","keyId":0}}},"operationTime":{"$timestamp":"7415875358601248769"},"ok":0,"code":26,"codeName":"NamespaceNotFound","$clusterTime":{"clusterTime":{"$timestamp":"7415875358601248769"},"signature":{"hash":"AAAAAAAAAAAAAAAAAAAAAAAAAAA=","keyId":0}}},"source":"createOrder"}
2024-09-18 12:03:53 [31merror[39m: MongoServerError: Cannot create namespace cooperative.orders in multi-document transaction.
    at Connection.sendCommand (/Users/darksun/dacom-code/foundation/monocoop/node_modules/.pnpm/mongodb@6.8.0_socks@2.8.3/node_modules/mongodb/src/cmap/connection.ts:517:17)
    at processTicksAndRejections (node:internal/process/task_queues:95:5)
    at async Connection.command (/Users/darksun/dacom-code/foundation/monocoop/node_modules/.pnpm/mongodb@6.8.0_socks@2.8.3/node_modules/mongodb/src/cmap/connection.ts:585:22)
    at async Server.command (/Users/darksun/dacom-code/foundation/monocoop/node_modules/.pnpm/mongodb@6.8.0_socks@2.8.3/node_modules/mongodb/src/sdam/server.ts:327:21)
    at async InsertOneOperation.executeCommand (/Users/darksun/dacom-code/foundation/monocoop/node_modules/.pnpm/mongodb@6.8.0_socks@2.8.3/node_modules/mongodb/src/operations/command.ts:169:12)
    at async InsertOneOperation.execute (/Users/darksun/dacom-code/foundation/monocoop/node_modules/.pnpm/mongodb@6.8.0_socks@2.8.3/node_modules/mongodb/src/operations/insert.ts:50:12)
    at async InsertOneOperation.execute (/Users/darksun/dacom-code/foundation/monocoop/node_modules/.pnpm/mongodb@6.8.0_socks@2.8.3/node_modules/mongodb/src/operations/insert.ts:79:17)
    at async executeOperation (/Users/darksun/dacom-code/foundation/monocoop/node_modules/.pnpm/mongodb@6.8.0_socks@2.8.3/node_modules/mongodb/src/operations/execute_operation.ts:183:12)
    at async Collection.insertOne (/Users/darksun/dacom-code/foundation/monocoop/node_modules/.pnpm/mongodb@6.8.0_socks@2.8.3/node_modules/mongodb/src/collection.ts:276:12) - {"statusCode":500,"isOperational":false}
2024-09-18 12:03:53 [31merror[39m: ::ffff:127.0.0.1 - POST /v1/orders/initial 500 - 214.926 ms - message: Cannot create namespace cooperative.orders in multi-document transaction.
2024-09-18 12:05:18 [31merror[39m: Error happen on createOrder process - {"error":{"config":{"url":"https://api.yookassa.ru/v3/payments","method":"post","data":"{\"description\":\"Регистрационный взнос\",\"amount\":{\"value\":\"NaN\",\"currency\":\"RUB\"},\"confirmation\":{\"type\":\"embedded\"},\"metadata\":{\"internal_id\":\"66ea7bad3c956e00bc2d77cf\"},\"capture\":true}","headers":{"Accept":"application/json, text/plain, */*","Content-Type":"application/json","Idempotence-Key":"66ea7bad3c956e00bc2d77cf","User-Agent":"axios/0.21.4","Content-Length":205},"auth":{"username":"345083","password":"test_sVAPDQP86mbPQJcdhHQ_XoPyI7XUxcNI5XdzAN9WL0Y"},"transformRequest":[null],"transformResponse":[null],"timeout":0,"xsrfCookieName":"XSRF-TOKEN","xsrfHeaderName":"X-XSRF-TOKEN","maxContentLength":-1,"maxBodyLength":-1,"transitional":{"silentJSONParsing":true,"forcedJSONParsing":true,"clarifyTimeoutError":false}}},"source":"createOrder"}
2024-09-18 12:05:18 [31merror[39m: Error: Internal Server Error
    at errorConverter (/Users/darksun/dacom-code/foundation/monocoop/components/coopback/src/middlewares/error.ts:20:15)
    at Layer.handle_error (/Users/darksun/dacom-code/foundation/monocoop/node_modules/.pnpm/express@4.21.0/node_modules/express/lib/router/layer.js:71:5)
    at trim_prefix (/Users/darksun/dacom-code/foundation/monocoop/node_modules/.pnpm/express@4.21.0/node_modules/express/lib/router/index.js:326:13)
    at /Users/darksun/dacom-code/foundation/monocoop/node_modules/.pnpm/express@4.21.0/node_modules/express/lib/router/index.js:286:9
    at Function.process_params (/Users/darksun/dacom-code/foundation/monocoop/node_modules/.pnpm/express@4.21.0/node_modules/express/lib/router/index.js:346:12)
    at next (/Users/darksun/dacom-code/foundation/monocoop/node_modules/.pnpm/express@4.21.0/node_modules/express/lib/router/index.js:280:10)
    at Layer.handle_error (/Users/darksun/dacom-code/foundation/monocoop/node_modules/.pnpm/express@4.21.0/node_modules/express/lib/router/layer.js:67:12)
    at trim_prefix (/Users/darksun/dacom-code/foundation/monocoop/node_modules/.pnpm/express@4.21.0/node_modules/express/lib/router/index.js:326:13)
    at /Users/darksun/dacom-code/foundation/monocoop/node_modules/.pnpm/express@4.21.0/node_modules/express/lib/router/index.js:286:9
    at Function.process_params (/Users/darksun/dacom-code/foundation/monocoop/node_modules/.pnpm/express@4.21.0/node_modules/express/lib/router/index.js:346:12) - {"statusCode":500,"isOperational":false}
2024-09-18 12:05:18 [31merror[39m: ::ffff:127.0.0.1 - POST /v1/orders/initial 500 - 767.729 ms - message: Internal Server Error
2024-09-18 12:21:41 [31merror[39m: Error processing blockchain transaction - {"source":"process","error":{}}
2024-09-18 12:22:44 [31merror[39m: SyntaxError: Expected ',' or '}' after property value in JSON at position 987
    at JSON.parse (<anonymous>)
    at parse (/Users/darksun/dacom-code/foundation/monocoop/node_modules/.pnpm/body-parser@1.20.3/node_modules/body-parser/lib/types/json.js:92:19)
    at /Users/darksun/dacom-code/foundation/monocoop/node_modules/.pnpm/body-parser@1.20.3/node_modules/body-parser/lib/read.js:128:18
    at AsyncResource.runInAsyncScope (node:async_hooks:206:9)
    at invokeCallback (/Users/darksun/dacom-code/foundation/monocoop/node_modules/.pnpm/raw-body@2.5.2/node_modules/raw-body/index.js:238:16)
    at done (/Users/darksun/dacom-code/foundation/monocoop/node_modules/.pnpm/raw-body@2.5.2/node_modules/raw-body/index.js:227:7)
    at IncomingMessage.onEnd (/Users/darksun/dacom-code/foundation/monocoop/node_modules/.pnpm/raw-body@2.5.2/node_modules/raw-body/index.js:287:7)
    at IncomingMessage.emit (node:events:518:28)
    at IncomingMessage.emit (node:domain:488:12)
    at endReadableNT (node:internal/streams/readable:1696:12) - {"statusCode":400,"isOperational":false}
2024-09-18 12:22:44 [31merror[39m: ::ffff:127.0.0.1 - POST /v1/orders/yookassa/ipn 500 - 8.698 ms - message: Expected ',' or '}' after property value in JSON at position 987
2024-09-18 12:25:38 [31merror[39m: Error processing blockchain transaction - {"source":"process","error":{}}
2024-09-18 12:25:57 [31merror[39m: Error processing blockchain transaction - {"source":"process","error":{}}
2024-09-18 12:26:16 [31merror[39m: Error processing blockchain transaction - {"source":"process","error":{}}
2024-09-18 13:12:50 [31merror[39m: Fail connect to notification server - {"source":"initSocketConnection"}
2024-09-18 13:12:52 [31merror[39m: Fail connect to notification server - {"source":"initSocketConnection"}
2024-09-18 13:12:54 [31merror[39m: Fail connect to notification server - {"source":"initSocketConnection"}
2024-09-18 13:12:58 [31merror[39m: Fail connect to notification server - {"source":"initSocketConnection"}
2024-09-18 13:13:03 [31merror[39m: Fail connect to notification server - {"source":"initSocketConnection"}
2024-09-18 13:13:05 [31merror[39m: Error: Ошибка соединения с http://127.0.0.1:4000/get-tables: fetch failed
    at getFetch (/Users/darksun/dacom-code/foundation/monocoop/components/coopdoc-generator-ts/dist/index.cjs:750:11)
    at processTicksAndRejections (node:internal/process/task_queues:95:5)
    at async Cooperative.getOne (/Users/darksun/dacom-code/foundation/monocoop/components/coopdoc-generator-ts/dist/index.cjs:1025:34) - {"statusCode":500,"isOperational":false}
2024-09-18 13:13:05 [31merror[39m: ::ffff:127.0.0.1 - GET /v1/coop/contacts 500 - 75.047 ms - message: Ошибка соединения с http://127.0.0.1:4000/get-tables: fetch failed
2024-09-18 13:13:08 [31merror[39m: Fail connect to notification server - {"source":"initSocketConnection"}
2024-09-18 13:13:13 [31merror[39m: Fail connect to notification server - {"source":"initSocketConnection"}
2024-09-18 13:13:18 [31merror[39m: Fail connect to notification server - {"source":"initSocketConnection"}
2024-09-18 13:13:23 [31merror[39m: Fail connect to notification server - {"source":"initSocketConnection"}
2024-09-18 13:13:28 [31merror[39m: Fail connect to notification server - {"source":"initSocketConnection"}
2024-09-18 13:13:32 [31merror[39m: Error: Ошибка соединения с http://127.0.0.1:4000/get-current-block: fetch failed
    at getFetch (/Users/darksun/dacom-code/foundation/monocoop/components/coopdoc-generator-ts/dist/index.cjs:750:11)
    at processTicksAndRejections (node:internal/process/task_queues:95:5)
    at async getCurrentBlock (/Users/darksun/dacom-code/foundation/monocoop/components/coopdoc-generator-ts/dist/index.cjs:755:25)
    at async Individual.save (/Users/darksun/dacom-code/foundation/monocoop/components/coopdoc-generator-ts/dist/index.cjs:782:26) - {"statusCode":500,"isOperational":false}
2024-09-18 13:13:32 [31merror[39m: ::ffff:127.0.0.1 - POST /v1/users 500 - 131.942 ms - message: Ошибка соединения с http://127.0.0.1:4000/get-current-block: fetch failed
2024-09-18 13:13:33 [31merror[39m: Fail connect to notification server - {"source":"initSocketConnection"}
2024-09-18 13:13:38 [31merror[39m: Fail connect to notification server - {"source":"initSocketConnection"}
2024-09-18 13:13:43 [31merror[39m: Fail connect to notification server - {"source":"initSocketConnection"}
2024-09-18 13:18:22 [31merror[39m: Error: "query" is not allowed
    at /Users/darksun/dacom-code/foundation/monocoop/components/coopback/src/middlewares/validate.ts:18:17
    at Layer.handle [as handle_request] (/Users/darksun/dacom-code/foundation/monocoop/node_modules/.pnpm/express@4.21.0/node_modules/express/lib/router/layer.js:95:5)
    at next (/Users/darksun/dacom-code/foundation/monocoop/node_modules/.pnpm/express@4.21.0/node_modules/express/lib/router/route.js:149:13)
    at /Users/darksun/dacom-code/foundation/monocoop/components/coopback/src/middlewares/auth.ts:40:19
    at processTicksAndRejections (node:internal/process/task_queues:95:5) - {"statusCode":400,"isOperational":true}
2024-09-18 13:18:22 [31merror[39m: ::ffff:127.0.0.1 - GET /v1/orders?username=ant 400 - 7.409 ms - message: "query" is not allowed
2024-09-18 13:19:30 [31merror[39m: Payment exists, but order not found - {"source":"handleIPN","requestId":"2e7ca03d-000f-5000-9000-1298b8da6db5"}
2024-09-18 13:24:09 [31merror[39m: Error processing blockchain transaction - {"source":"process","error":{"details":[{"message":"assertion failure with message: Объект процессинга не найден","file":"cf_system.cpp","line_number":14,"method":"eosio_assert"},{"message":"gateway <= gateway::dpcomplete pending console output: ","file":"apply_context.cpp","line_number":134,"method":"exec_one"}],"json":{"code":500,"message":"Internal Service Error","error":{"code":3050003,"name":"eosio_assert_message_exception","what":"eosio_assert_message assertion failure","details":[{"message":"assertion failure with message: Объект процессинга не найден","file":"cf_system.cpp","line_number":14,"method":"eosio_assert"},{"message":"gateway <= gateway::dpcomplete pending console output: ","file":"apply_context.cpp","line_number":134,"method":"exec_one"}]}}}}
2024-09-18 17:52:23 [31merror[39m: Error: Please authenticate
    at /Users/darksun/dacom-code/foundation/monocoop/components/coopback/src/middlewares/auth.ts:17:19
    at Generator.next (<anonymous>)
    at /Users/darksun/dacom-code/foundation/monocoop/components/coopback/src/middlewares/auth.ts:8:71
    at new Promise (<anonymous>)
    at __awaiter (/Users/darksun/dacom-code/foundation/monocoop/components/coopback/src/middlewares/auth.ts:4:12)
    at /Users/darksun/dacom-code/foundation/monocoop/components/coopback/src/middlewares/auth.ts:8:92
    at allFailed (/Users/darksun/dacom-code/foundation/monocoop/node_modules/.pnpm/passport@0.4.1/node_modules/passport/lib/middleware/authenticate.js:107:18)
    at attempt (/Users/darksun/dacom-code/foundation/monocoop/node_modules/.pnpm/passport@0.4.1/node_modules/passport/lib/middleware/authenticate.js:180:28)
    at JwtStrategy.strategy.fail (/Users/darksun/dacom-code/foundation/monocoop/node_modules/.pnpm/passport@0.4.1/node_modules/passport/lib/middleware/authenticate.js:302:9)
    at JwtStrategy.authenticate (/Users/darksun/dacom-code/foundation/monocoop/node_modules/.pnpm/passport-jwt@4.0.1/node_modules/passport-jwt/lib/strategy.js:96:21) - {"statusCode":401,"isOperational":true}
2024-09-18 17:52:23 [31merror[39m: ::ffff:127.0.0.1 - POST /v1/orders/set-order-status 401 - 47.017 ms - message: Please authenticate
2024-09-18 17:52:37 [31merror[39m: Error: Connection in subscriber mode, only subscriber commands may be used - {"source":"unexpectedErrorHandler"}
2024-09-18 17:58:17 [31merror[39m: Error processing blockchain transaction - {"source":"process","error":{"details":[{"message":"assertion failure with message: Неверный тип заявки","file":"cf_system.cpp","line_number":14,"method":"eosio_assert"},{"message":"gateway <= gateway::deposit pending console output: ","file":"apply_context.cpp","line_number":134,"method":"exec_one"}],"json":{"code":500,"message":"Internal Service Error","error":{"code":3050003,"name":"eosio_assert_message_exception","what":"eosio_assert_message assertion failure","details":[{"message":"assertion failure with message: Неверный тип заявки","file":"cf_system.cpp","line_number":14,"method":"eosio_assert"},{"message":"gateway <= gateway::deposit pending console output: ","file":"apply_context.cpp","line_number":134,"method":"exec_one"}]}}}}
2024-09-18 17:59:08 [31merror[39m: Error processing blockchain transaction - {"source":"process","error":{"details":[{"message":"assertion failure with message: Неверный тип заявки","file":"cf_system.cpp","line_number":14,"method":"eosio_assert"},{"message":"gateway <= gateway::deposit pending console output: ","file":"apply_context.cpp","line_number":134,"method":"exec_one"}],"json":{"code":500,"message":"Internal Service Error","error":{"code":3050003,"name":"eosio_assert_message_exception","what":"eosio_assert_message assertion failure","details":[{"message":"assertion failure with message: Неверный тип заявки","file":"cf_system.cpp","line_number":14,"method":"eosio_assert"},{"message":"gateway <= gateway::deposit pending console output: ","file":"apply_context.cpp","line_number":134,"method":"exec_one"}]}}}}
2024-09-18 18:01:48 [31merror[39m: Error processing blockchain transaction - {"source":"process","error":{"details":[{"message":"assertion failure with message: Аккаунт уже зарегистририван","file":"cf_system.cpp","line_number":14,"method":"eosio_assert"},{"message":"registrator <= registrator::newaccount pending console output: ","file":"apply_context.cpp","line_number":134,"method":"exec_one"}],"json":{"code":500,"message":"Internal Service Error","error":{"code":3050003,"name":"eosio_assert_message_exception","what":"eosio_assert_message assertion failure","details":[{"message":"assertion failure with message: Аккаунт уже зарегистририван","file":"cf_system.cpp","line_number":14,"method":"eosio_assert"},{"message":"registrator <= registrator::newaccount pending console output: ","file":"apply_context.cpp","line_number":134,"method":"exec_one"}]}}}}
2024-09-18 18:07:38 [31merror[39m: Error: Please authenticate
    at /Users/darksun/dacom-code/foundation/monocoop/components/coopback/src/middlewares/auth.ts:17:19
    at Generator.next (<anonymous>)
    at /Users/darksun/dacom-code/foundation/monocoop/components/coopback/src/middlewares/auth.ts:8:71
    at new Promise (<anonymous>)
    at __awaiter (/Users/darksun/dacom-code/foundation/monocoop/components/coopback/src/middlewares/auth.ts:4:12)
    at /Users/darksun/dacom-code/foundation/monocoop/components/coopback/src/middlewares/auth.ts:8:92
    at allFailed (/Users/darksun/dacom-code/foundation/monocoop/node_modules/.pnpm/passport@0.4.1/node_modules/passport/lib/middleware/authenticate.js:107:18)
    at attempt (/Users/darksun/dacom-code/foundation/monocoop/node_modules/.pnpm/passport@0.4.1/node_modules/passport/lib/middleware/authenticate.js:180:28)
    at JwtStrategy.strategy.fail (/Users/darksun/dacom-code/foundation/monocoop/node_modules/.pnpm/passport@0.4.1/node_modules/passport/lib/middleware/authenticate.js:302:9)
    at verified (/Users/darksun/dacom-code/foundation/monocoop/node_modules/.pnpm/passport-jwt@4.0.1/node_modules/passport-jwt/lib/strategy.js:113:41) - {"statusCode":401,"isOperational":true}
2024-09-18 18:07:38 [31merror[39m: ::ffff:127.0.0.1 - GET /v1/users/fildeewcvmuu 401 - 31.241 ms - message: Please authenticate
2024-09-18 18:07:48 [31merror[39m: Error: Please authenticate
    at /Users/darksun/dacom-code/foundation/monocoop/components/coopback/src/middlewares/auth.ts:17:19
    at Generator.next (<anonymous>)
    at /Users/darksun/dacom-code/foundation/monocoop/components/coopback/src/middlewares/auth.ts:8:71
    at new Promise (<anonymous>)
    at __awaiter (/Users/darksun/dacom-code/foundation/monocoop/components/coopback/src/middlewares/auth.ts:4:12)
    at /Users/darksun/dacom-code/foundation/monocoop/components/coopback/src/middlewares/auth.ts:8:92
    at allFailed (/Users/darksun/dacom-code/foundation/monocoop/node_modules/.pnpm/passport@0.4.1/node_modules/passport/lib/middleware/authenticate.js:107:18)
    at attempt (/Users/darksun/dacom-code/foundation/monocoop/node_modules/.pnpm/passport@0.4.1/node_modules/passport/lib/middleware/authenticate.js:180:28)
    at JwtStrategy.strategy.fail (/Users/darksun/dacom-code/foundation/monocoop/node_modules/.pnpm/passport@0.4.1/node_modules/passport/lib/middleware/authenticate.js:302:9)
    at verified (/Users/darksun/dacom-code/foundation/monocoop/node_modules/.pnpm/passport-jwt@4.0.1/node_modules/passport-jwt/lib/strategy.js:113:41) - {"statusCode":401,"isOperational":true}
2024-09-18 18:07:48 [31merror[39m: ::ffff:127.0.0.1 - GET /v1/users/fildeewcvmuu 401 - 18.179 ms - message: Please authenticate
2024-09-18 18:07:58 [31merror[39m: Error: Please authenticate
    at /Users/darksun/dacom-code/foundation/monocoop/components/coopback/src/middlewares/auth.ts:17:19
    at Generator.next (<anonymous>)
    at /Users/darksun/dacom-code/foundation/monocoop/components/coopback/src/middlewares/auth.ts:8:71
    at new Promise (<anonymous>)
    at __awaiter (/Users/darksun/dacom-code/foundation/monocoop/components/coopback/src/middlewares/auth.ts:4:12)
    at /Users/darksun/dacom-code/foundation/monocoop/components/coopback/src/middlewares/auth.ts:8:92
    at allFailed (/Users/darksun/dacom-code/foundation/monocoop/node_modules/.pnpm/passport@0.4.1/node_modules/passport/lib/middleware/authenticate.js:107:18)
    at attempt (/Users/darksun/dacom-code/foundation/monocoop/node_modules/.pnpm/passport@0.4.1/node_modules/passport/lib/middleware/authenticate.js:180:28)
    at JwtStrategy.strategy.fail (/Users/darksun/dacom-code/foundation/monocoop/node_modules/.pnpm/passport@0.4.1/node_modules/passport/lib/middleware/authenticate.js:302:9)
    at verified (/Users/darksun/dacom-code/foundation/monocoop/node_modules/.pnpm/passport-jwt@4.0.1/node_modules/passport-jwt/lib/strategy.js:113:41) - {"statusCode":401,"isOperational":true}
2024-09-18 18:07:58 [31merror[39m: ::ffff:127.0.0.1 - GET /v1/users/fildeewcvmuu 401 - 62.753 ms - message: Please authenticate
2024-09-18 18:08:09 [31merror[39m: Error: Please authenticate
    at /Users/darksun/dacom-code/foundation/monocoop/components/coopback/src/middlewares/auth.ts:17:19
    at Generator.next (<anonymous>)
    at /Users/darksun/dacom-code/foundation/monocoop/components/coopback/src/middlewares/auth.ts:8:71
    at new Promise (<anonymous>)
    at __awaiter (/Users/darksun/dacom-code/foundation/monocoop/components/coopback/src/middlewares/auth.ts:4:12)
    at /Users/darksun/dacom-code/foundation/monocoop/components/coopback/src/middlewares/auth.ts:8:92
    at allFailed (/Users/darksun/dacom-code/foundation/monocoop/node_modules/.pnpm/passport@0.4.1/node_modules/passport/lib/middleware/authenticate.js:107:18)
    at attempt (/Users/darksun/dacom-code/foundation/monocoop/node_modules/.pnpm/passport@0.4.1/node_modules/passport/lib/middleware/authenticate.js:180:28)
    at JwtStrategy.strategy.fail (/Users/darksun/dacom-code/foundation/monocoop/node_modules/.pnpm/passport@0.4.1/node_modules/passport/lib/middleware/authenticate.js:302:9)
    at verified (/Users/darksun/dacom-code/foundation/monocoop/node_modules/.pnpm/passport-jwt@4.0.1/node_modules/passport-jwt/lib/strategy.js:113:41) - {"statusCode":401,"isOperational":true}
2024-09-18 18:08:09 [31merror[39m: ::ffff:127.0.0.1 - GET /v1/users/fildeewcvmuu 401 - 449.840 ms - message: Please authenticate
2024-09-18 18:08:18 [31merror[39m: Error: Please authenticate
    at /Users/darksun/dacom-code/foundation/monocoop/components/coopback/src/middlewares/auth.ts:17:19
    at Generator.next (<anonymous>)
    at /Users/darksun/dacom-code/foundation/monocoop/components/coopback/src/middlewares/auth.ts:8:71
    at new Promise (<anonymous>)
    at __awaiter (/Users/darksun/dacom-code/foundation/monocoop/components/coopback/src/middlewares/auth.ts:4:12)
    at /Users/darksun/dacom-code/foundation/monocoop/components/coopback/src/middlewares/auth.ts:8:92
    at allFailed (/Users/darksun/dacom-code/foundation/monocoop/node_modules/.pnpm/passport@0.4.1/node_modules/passport/lib/middleware/authenticate.js:107:18)
    at attempt (/Users/darksun/dacom-code/foundation/monocoop/node_modules/.pnpm/passport@0.4.1/node_modules/passport/lib/middleware/authenticate.js:180:28)
    at JwtStrategy.strategy.fail (/Users/darksun/dacom-code/foundation/monocoop/node_modules/.pnpm/passport@0.4.1/node_modules/passport/lib/middleware/authenticate.js:302:9)
    at verified (/Users/darksun/dacom-code/foundation/monocoop/node_modules/.pnpm/passport-jwt@4.0.1/node_modules/passport-jwt/lib/strategy.js:113:41) - {"statusCode":401,"isOperational":true}
2024-09-18 18:08:18 [31merror[39m: ::ffff:127.0.0.1 - GET /v1/users/fildeewcvmuu 401 - 15.998 ms - message: Please authenticate
2024-09-18 18:08:28 [31merror[39m: Error: Please authenticate
    at /Users/darksun/dacom-code/foundation/monocoop/components/coopback/src/middlewares/auth.ts:17:19
    at Generator.next (<anonymous>)
    at /Users/darksun/dacom-code/foundation/monocoop/components/coopback/src/middlewares/auth.ts:8:71
    at new Promise (<anonymous>)
    at __awaiter (/Users/darksun/dacom-code/foundation/monocoop/components/coopback/src/middlewares/auth.ts:4:12)
    at /Users/darksun/dacom-code/foundation/monocoop/components/coopback/src/middlewares/auth.ts:8:92
    at allFailed (/Users/darksun/dacom-code/foundation/monocoop/node_modules/.pnpm/passport@0.4.1/node_modules/passport/lib/middleware/authenticate.js:107:18)
    at attempt (/Users/darksun/dacom-code/foundation/monocoop/node_modules/.pnpm/passport@0.4.1/node_modules/passport/lib/middleware/authenticate.js:180:28)
    at JwtStrategy.strategy.fail (/Users/darksun/dacom-code/foundation/monocoop/node_modules/.pnpm/passport@0.4.1/node_modules/passport/lib/middleware/authenticate.js:302:9)
    at verified (/Users/darksun/dacom-code/foundation/monocoop/node_modules/.pnpm/passport-jwt@4.0.1/node_modules/passport-jwt/lib/strategy.js:113:41) - {"statusCode":401,"isOperational":true}
2024-09-18 18:08:28 [31merror[39m: ::ffff:127.0.0.1 - GET /v1/users/fildeewcvmuu 401 - 17.130 ms - message: Please authenticate
2024-09-18 18:08:38 [31merror[39m: Error: Please authenticate
    at /Users/darksun/dacom-code/foundation/monocoop/components/coopback/src/middlewares/auth.ts:17:19
    at Generator.next (<anonymous>)
    at /Users/darksun/dacom-code/foundation/monocoop/components/coopback/src/middlewares/auth.ts:8:71
    at new Promise (<anonymous>)
    at __awaiter (/Users/darksun/dacom-code/foundation/monocoop/components/coopback/src/middlewares/auth.ts:4:12)
    at /Users/darksun/dacom-code/foundation/monocoop/components/coopback/src/middlewares/auth.ts:8:92
    at allFailed (/Users/darksun/dacom-code/foundation/monocoop/node_modules/.pnpm/passport@0.4.1/node_modules/passport/lib/middleware/authenticate.js:107:18)
    at attempt (/Users/darksun/dacom-code/foundation/monocoop/node_modules/.pnpm/passport@0.4.1/node_modules/passport/lib/middleware/authenticate.js:180:28)
    at JwtStrategy.strategy.fail (/Users/darksun/dacom-code/foundation/monocoop/node_modules/.pnpm/passport@0.4.1/node_modules/passport/lib/middleware/authenticate.js:302:9)
    at verified (/Users/darksun/dacom-code/foundation/monocoop/node_modules/.pnpm/passport-jwt@4.0.1/node_modules/passport-jwt/lib/strategy.js:113:41) - {"statusCode":401,"isOperational":true}
2024-09-18 18:08:38 [31merror[39m: ::ffff:127.0.0.1 - GET /v1/users/fildeewcvmuu 401 - 145.371 ms - message: Please authenticate
2024-09-18 18:12:34 [31merror[39m: Error processing blockchain transaction - {"source":"process","error":{"details":[{"message":"assertion failure with message: Объект процессинга не найден","file":"cf_system.cpp","line_number":14,"method":"eosio_assert"},{"message":"gateway <= gateway::dpcomplete pending console output: ","file":"apply_context.cpp","line_number":134,"method":"exec_one"}],"json":{"code":500,"message":"Internal Service Error","error":{"code":3050003,"name":"eosio_assert_message_exception","what":"eosio_assert_message assertion failure","details":[{"message":"assertion failure with message: Объект процессинга не найден","file":"cf_system.cpp","line_number":14,"method":"eosio_assert"},{"message":"gateway <= gateway::dpcomplete pending console output: ","file":"apply_context.cpp","line_number":134,"method":"exec_one"}]}}}}
2024-09-18 18:25:11 [31merror[39m: Error processing blockchain transaction - {"source":"process","error":{}}
2024-09-18 18:27:15 [31merror[39m: Error processing blockchain transaction - {"source":"process","error":{}}
2024-09-18 18:29:29 [31merror[39m: Error processing blockchain transaction - {"source":"process","error":{}}
2024-09-18 18:30:37 [31merror[39m: TypeError: e.toJSON is not a function - {"source":"unexpectedErrorHandler"}
2024-09-18 18:32:03 [31merror[39m: Error processing blockchain transaction - {"source":"process"}
2024-09-18 18:32:56 [31merror[39m: Error processing blockchain transaction - {"source":"process","error":{}}
2024-09-18 18:38:19 [31merror[39m: Error processing blockchain transaction - {"source":"process","error":"Expected symbol to be A-Z and between one and seven characters","stack":"Error: Expected symbol to be A-Z and between one and seven characters\n    at SerialBuffer.pushSymbol (/Users/darksun/dacom-code/foundation/monocoop/node_modules/.pnpm/eosjs@22.1.0/node_modules/eosjs/src/eosjs-serialize.ts:463:19)\n    at SerialBuffer.pushAsset (/Users/darksun/dacom-code/foundation/monocoop/node_modules/.pnpm/eosjs@22.1.0/node_modules/eosjs/src/eosjs-serialize.ts:519:14)\n    at Object.serialize (/Users/darksun/dacom-code/foundation/monocoop/node_modules/.pnpm/eosjs@22.1.0/node_modules/eosjs/src/eosjs-serialize.ts:1039:73)\n    at Object.serializeStruct [as serialize] (/Users/darksun/dacom-code/foundation/monocoop/node_modules/.pnpm/eosjs@22.1.0/node_modules/eosjs/src/eosjs-serialize.ts:707:24)\n    at Object.serializeActionData (/Users/darksun/dacom-code/foundation/monocoop/node_modules/.pnpm/eosjs@22.1.0/node_modules/eosjs/src/eosjs-serialize.ts:1453:12)\n    at Object.serializeAction (/Users/darksun/dacom-code/foundation/monocoop/node_modules/.pnpm/eosjs@22.1.0/node_modules/eosjs/src/eosjs-serialize.ts:1466:15)\n    at Api.<anonymous> (/Users/darksun/dacom-code/foundation/monocoop/node_modules/.pnpm/eosjs@22.1.0/node_modules/eosjs/src/eosjs-api.ts:276:24)\n    at step (/Users/darksun/dacom-code/foundation/monocoop/node_modules/.pnpm/eosjs@22.1.0/node_modules/eosjs/dist/eosjs-api.js:49:23)\n    at Object.next (/Users/darksun/dacom-code/foundation/monocoop/node_modules/.pnpm/eosjs@22.1.0/node_modules/eosjs/dist/eosjs-api.js:30:53)\n    at fulfilled (/Users/darksun/dacom-code/foundation/monocoop/node_modules/.pnpm/eosjs@22.1.0/node_modules/eosjs/dist/eosjs-api.js:21:58)"}
2024-09-18 18:41:22 [31merror[39m: Error: Error processing blockchain transaction for order: 66ead1af7cfb1b47bd25c29d with message: Expected symbol to be A-Z and between one and seven characters - {"source":"unexpectedErrorHandler"}
2024-09-18 18:42:26 [31merror[39m: Error: Error processing blockchain transaction for order: 66ead1af7cfb1b47bd25c29d with message: Expected symbol to be A-Z and between one and seven characters - {"source":"unexpectedErrorHandler"}
2024-09-18 18:43:01 [31merror[39m: Error: Error processing blockchain transaction for order: 66ead1af7cfb1b47bd25c29d with message: Expected symbol to be A-Z and between one and seven characters - {"source":"unexpectedErrorHandler"}
2024-09-18 18:44:12 [31merror[39m: Error: Error processing blockchain transaction for order: 66ead1af7cfb1b47bd25c29d with message: Expected symbol to be A-Z and between one and seven characters - {"source":"unexpectedErrorHandler"}
2024-09-18 18:45:16 [31merror[39m: Error: Error processing blockchain transaction for order: 66ead1af7cfb1b47bd25c29d with message: Expected symbol to be A-Z and between one and seven characters - {"source":"unexpectedErrorHandler"}
2024-09-18 18:46:27 [31merror[39m: Error: Error processing blockchain transaction for order: 66ead1af7cfb1b47bd25c29d with message: Expected symbol to be A-Z and between one and seven characters - {"source":"unexpectedErrorHandler"}
2024-09-18 18:47:52 [31merror[39m: Error: Error processing blockchain transaction for order: 66ead1af7cfb1b47bd25c29d with message: Expected symbol to be A-Z and between one and seven characters - {"source":"unexpectedErrorHandler"}
2024-09-18 18:57:58 [31merror[39m: Error processing Redis message: Error processing blockchain transaction for order: 66ead1af7cfb1b47bd25c29d with message: Expected symbol to be A-Z and between one and seven characters - {"stack":"Error: Error processing blockchain transaction for order: 66ead1af7cfb1b47bd25c29d with message: Expected symbol to be A-Z and between one and seven characters\n    at Function.<anonymous> (/Users/darksun/dacom-code/foundation/monocoop/components/coopback/src/services/payEffect.service.ts:59:13)\n    at Generator.next (<anonymous>)\n    at fulfilled (/Users/darksun/dacom-code/foundation/monocoop/components/coopback/src/services/payEffect.service.ts:5:58)\n    at processTicksAndRejections (node:internal/process/task_queues:95:5)"}
2024-09-18 18:59:35 [31merror[39m: Error processing Redis message: Error processing blockchain transaction for order: 66ead1af7cfb1b47bd25c29d with message: Expected symbol to be A-Z and between one and seven characters - {"stack":"Error: Error processing blockchain transaction for order: 66ead1af7cfb1b47bd25c29d with message: Expected symbol to be A-Z and between one and seven characters\n    at Function.<anonymous> (/Users/darksun/dacom-code/foundation/monocoop/components/coopback/src/services/payEffect.service.ts:59:13)\n    at Generator.next (<anonymous>)\n    at fulfilled (/Users/darksun/dacom-code/foundation/monocoop/components/coopback/src/services/payEffect.service.ts:5:58)\n    at processTicksAndRejections (node:internal/process/task_queues:95:5)"}
2024-09-18 19:01:14 [31merror[39m: Error processing blockchain transaction for order: 66ead1af7cfb1b47bd25c29d with message: Expected symbol to be A-Z and between one and seven characters Expected symbol to be A-Z and between one and seven characters - {"stack":"Error: Expected symbol to be A-Z and between one and seven characters\n    at SerialBuffer.pushSymbol (/Users/darksun/dacom-code/foundation/monocoop/node_modules/.pnpm/eosjs@22.1.0/node_modules/eosjs/src/eosjs-serialize.ts:463:19)\n    at SerialBuffer.pushAsset (/Users/darksun/dacom-code/foundation/monocoop/node_modules/.pnpm/eosjs@22.1.0/node_modules/eosjs/src/eosjs-serialize.ts:519:14)\n    at Object.serialize (/Users/darksun/dacom-code/foundation/monocoop/node_modules/.pnpm/eosjs@22.1.0/node_modules/eosjs/src/eosjs-serialize.ts:1039:73)\n    at Object.serializeStruct [as serialize] (/Users/darksun/dacom-code/foundation/monocoop/node_modules/.pnpm/eosjs@22.1.0/node_modules/eosjs/src/eosjs-serialize.ts:707:24)\n    at Object.serializeActionData (/Users/darksun/dacom-code/foundation/monocoop/node_modules/.pnpm/eosjs@22.1.0/node_modules/eosjs/src/eosjs-serialize.ts:1453:12)\n    at Object.serializeAction (/Users/darksun/dacom-code/foundation/monocoop/node_modules/.pnpm/eosjs@22.1.0/node_modules/eosjs/src/eosjs-serialize.ts:1466:15)\n    at Api.<anonymous> (/Users/darksun/dacom-code/foundation/monocoop/node_modules/.pnpm/eosjs@22.1.0/node_modules/eosjs/src/eosjs-api.ts:276:24)\n    at step (/Users/darksun/dacom-code/foundation/monocoop/node_modules/.pnpm/eosjs@22.1.0/node_modules/eosjs/dist/eosjs-api.js:49:23)\n    at Object.next (/Users/darksun/dacom-code/foundation/monocoop/node_modules/.pnpm/eosjs@22.1.0/node_modules/eosjs/dist/eosjs-api.js:30:53)\n    at fulfilled (/Users/darksun/dacom-code/foundation/monocoop/node_modules/.pnpm/eosjs@22.1.0/node_modules/eosjs/dist/eosjs-api.js:21:58)"}
2024-09-18 19:02:23 [31merror[39m: Error processing blockchain transaction for order: 66ead1af7cfb1b47bd25c29d with message: Expected symbol to be A-Z and between one and seven characters Expected symbol to be A-Z and between one and seven characters - {"stack":"Error: Expected symbol to be A-Z and between one and seven characters\n    at SerialBuffer.pushSymbol (/Users/darksun/dacom-code/foundation/monocoop/node_modules/.pnpm/eosjs@22.1.0/node_modules/eosjs/src/eosjs-serialize.ts:463:19)\n    at SerialBuffer.pushAsset (/Users/darksun/dacom-code/foundation/monocoop/node_modules/.pnpm/eosjs@22.1.0/node_modules/eosjs/src/eosjs-serialize.ts:519:14)\n    at Object.serialize (/Users/darksun/dacom-code/foundation/monocoop/node_modules/.pnpm/eosjs@22.1.0/node_modules/eosjs/src/eosjs-serialize.ts:1039:73)\n    at Object.serializeStruct [as serialize] (/Users/darksun/dacom-code/foundation/monocoop/node_modules/.pnpm/eosjs@22.1.0/node_modules/eosjs/src/eosjs-serialize.ts:707:24)\n    at Object.serializeActionData (/Users/darksun/dacom-code/foundation/monocoop/node_modules/.pnpm/eosjs@22.1.0/node_modules/eosjs/src/eosjs-serialize.ts:1453:12)\n    at Object.serializeAction (/Users/darksun/dacom-code/foundation/monocoop/node_modules/.pnpm/eosjs@22.1.0/node_modules/eosjs/src/eosjs-serialize.ts:1466:15)\n    at Api.<anonymous> (/Users/darksun/dacom-code/foundation/monocoop/node_modules/.pnpm/eosjs@22.1.0/node_modules/eosjs/src/eosjs-api.ts:276:24)\n    at step (/Users/darksun/dacom-code/foundation/monocoop/node_modules/.pnpm/eosjs@22.1.0/node_modules/eosjs/dist/eosjs-api.js:49:23)\n    at Object.next (/Users/darksun/dacom-code/foundation/monocoop/node_modules/.pnpm/eosjs@22.1.0/node_modules/eosjs/dist/eosjs-api.js:30:53)\n    at fulfilled (/Users/darksun/dacom-code/foundation/monocoop/node_modules/.pnpm/eosjs@22.1.0/node_modules/eosjs/dist/eosjs-api.js:21:58)"}
